<?xml version="1.0" encoding="UTF-8"?>
<!-- Generated by org.testng.reporters.JUnitReportReporter -->
<testsuite hostname="DESKTOP-KE4L3I2" name="org.testng.Test1" tests="1" failures="0" timestamp="16 Nov 2022 15:25:41 GMT" time="0.014" errors="0">
  <testcase name="m2" time="0.014" classname="org.testng.Test1"/>
</testsuite> <!-- org.testng.Test1 -->
